[
    {
        "task_name": "Unnamed task",
        "node": "node",
        "stderr": "",
        "stdout_lines": [
            "",
            "=========================================",
            " Start docker container 'ddad.artifactory.cc.bmwgroup.net/xpad-docker/bazel:20230818-8ce085a'",
            "=========================================",
            "",
            "Adding user `developer' ...",
            "Adding new user `developer' (1000) with group `developer' ...",
            "The home directory `/home/developer' already exists.  Not copying from `/etc/skel'.",
            "usermod: no changes",
            "Starting local Bazel server and connecting to it...",
            "WARNING: The following configs were expanded more than once: [platform_ros, adp_clang15]. For repeatable flags, repeats are counted twice and may lead to unexpected behavior.",
            "INFO: Invocation ID: 2552f15a-d6a9-4515-83b3-fe30e186930d",
            "INFO: Options provided by the client:",
            "  Inherited 'common' options: --isatty=0 --terminal_columns=80",
            "INFO: Reading rc options for 'test' from /workspace/bazel_migration.bazelrc:",
            "  Inherited 'common' options: --incompatible_disallow_empty_glob --incompatible_no_implicit_file_export --noincompatible_disable_target_provider_fields --noincompatible_java_common_parameters",
            "INFO: Reading rc options for 'test' from /workspace/.bazelrc:",
            "  Inherited 'common' options: --experimental_allow_tags_propagation --experimental_downloader_config=experimental_downloader_config --repo_env=GIT_LFS_SKIP_SMUDGE=1",
            "INFO: Reading rc options for 'test' from /home/developer/.bazelrc:",
            "  Inherited 'common' options: --announce_rc --experimental_repository_downloader_retries=3 --override_repository=orion=/zuul_override_repos/swh/orion",
            "INFO: Reading rc options for 'test' from /workspace/bazel_migration.bazelrc:",
            "  Inherited 'build' options: --incompatible_enforce_config_setting_visibility --incompatible_default_to_explicit_init_py --incompatible_disable_native_android_rules --incompatible_disallow_resource_jars --incompatible_enable_cc_toolchain_resolution --incompatible_exclusive_test_sandboxed --noincompatible_use_platforms_repo_for_constraints --noincompatible_load_proto_rules_from_bzl",
            "INFO: Reading rc options for 'test' from /workspace/.bazelrc:",
            "  Inherited 'build' options: --experimental_cc_implementation_deps --experimental_retain_test_configuration_across_testonly --experimental_remote_cache_eviction_retries=5 --java_language_version=17 --tool_java_language_version=17 --java_runtime_version=remotejdk_17 --tool_java_runtime_version=remotejdk_17 --features=c_standard_11 --features=cpp_standard_17 --@aspect_rules_ts//ts:skipLibCheck=honor_tsconfig --@aspect_rules_ts//ts:default_to_tsc_transpiler --incompatible_strict_action_env --workspace_status_command=./scripts/workspace_status/workspace_status.sh --verbose_failures --start_end_lib=False --test_env=PYTHONDONTWRITEBYTECODE=1 --test_env=GTEST_COLOR=1",
            "INFO: Reading rc options for 'test' from /workspace/application/adp/bazel/adp.bazelrc:",
            "  Inherited 'build' options: --flag_alias=adp_std_types=@ddad_common//cas/std_types",
            "INFO: Reading rc options for 'test' from /workspace/config_flag_aliases.bazelrc:",
            "  Inherited 'build' options: --flag_alias=copy_workspace=//deployment/generic/cas/platform/basic_software/module_generation/vstar/private:materialize_intermediate_workspace_files",
            "INFO: Reading rc options for 'test' from /home/developer/.bazelrc:",
            "  Inherited 'build' options: --noshow_progress --color=no --curses=no --nobuild_runfile_links --experimental_guard_against_concurrent_changes --remote_local_fallback --remote_upload_local_results=true --remote_instance_name= --remote_cache=grpcs://eu-central-1c.common.engflow.cc.bmwgroup.net:443 --remote_timeout=300s --remote_max_connections=30 --remote_default_exec_properties=no-remote-exec=true --experimental_remote_cache_compression --grpc_keepalive_time=30s --nolegacy_important_outputs --tls_client_certificate=/engflow_credentials/engflow.crt --tls_client_key=/engflow_credentials/engflow.key --remote_download_minimal --workspace_status_command= --output_filter=DONT_MATCH_ANYTHING",
            "INFO: Reading rc options for 'test' from /workspace/.bazelrc:",
            "  'test' options: --build_tests_only --test_output=errors --sandbox_tmpfs_path=/dev/shm --sandbox_tmpfs_path=/tmp",
            "INFO: Found applicable config definition build:fasinfo_sanitizers in file /workspace/domains/fasinfo/common/bazel/.bazelrc: --config=fasinfo_clang15 --experimental_guard_against_concurrent_changes --extra_toolchains=//bazel/toolchains/ubuntu_20_04_clang_15:clang --extra_execution_platforms=//bazel/platforms:host_linux_x86_64_clang --platforms=//bazel/platforms:host_linux_x86_64_clang --host_platform=//bazel/platforms:host_linux_x86_64_clang --force_pic --features=treat_warnings_as_errors --config=platform_ros --features=sanitizer --config=adp_clang15_sanitizer --platform_suffix=-asan --compilation_mode=dbg --copt=-fno-optimize-sibling-calls --action_env=ASAN_OPTIONS=debug=1,report_globals=1,check_initialization_order=1,detect_stack_use_after_return=1,alloc_dealloc_mismatch=1,new_delete_type_mismatch=1,detect_invalid_pointer_pairs=2,detect_odr_violation=2,halt_on_error=1,allow_addr2line=1,detect_leaks=1,leak_check_at_exit=1",
            "INFO: Found applicable config definition build:fasinfo_clang15 in file /workspace/domains/fasinfo/common/bazel/.bazelrc: --config=adp_clang15 --experimental_guard_against_concurrent_changes --extra_toolchains=//bazel/toolchains/ubuntu_20_04_clang_15:clang --extra_execution_platforms=//bazel/platforms:host_linux_x86_64_clang --platforms=//bazel/platforms:host_linux_x86_64_clang --host_platform=//bazel/platforms:host_linux_x86_64_clang --force_pic --features=treat_warnings_as_errors --//:use_python_38=True",
            "INFO: Found applicable config definition build:adp_clang15 in file /workspace/application/adp/bazel/adp.bazelrc: --experimental_guard_against_concurrent_changes --extra_toolchains=//bazel/toolchains/ubuntu_20_04_clang_15:clang --extra_execution_platforms=//bazel/platforms:host_linux_x86_64_clang --platforms=//bazel/platforms:host_linux_x86_64_clang --host_platform=//bazel/platforms:host_linux_x86_64_clang --force_pic --features=treat_warnings_as_errors",
            "INFO: Found applicable config definition build:platform_ros in file /workspace/application/adp/bazel/adp.bazelrc: --define target_platform=obsolete_flag --test_env=LD_LIBRARY_PATH=/opt/ros/noetic/lib --test_env=CMAKE_PREFIX_PATH=/opt/ros/noetic --test_env=PYTHONPATH=/opt/ros/noetic/lib/python3/dist-packages --test_env=PATH=/opt/ros/noetic/bin:/bin:/usr/bin --test_env=ROS_PACKAGE_PATH=/opt/ros/noetic/share --test_env=ROS_TEST_RESULTS_DIR=$TEST_UNDECLARED_OUTPUTS_DIR --//third_party/maps:hdmap=highway_westerneurope --//:use_python_38=True --//platform/cas/bazel:allow_fallbacks_without_stubbing --//platform/cas:use_no_const_codify --//platform/cas/shared/Include:ccset_debug --//:codify_use_no_const_for_parameters",
            "INFO: Found applicable config definition build:adp_clang15_sanitizer in file /workspace/application/adp/bazel/adp.bazelrc: --config=platform_ros --config=adp_clang15 --config=adp_sanitizer",
            "INFO: Found applicable config definition build:platform_ros in file /workspace/application/adp/bazel/adp.bazelrc: --define target_platform=obsolete_flag --test_env=LD_LIBRARY_PATH=/opt/ros/noetic/lib --test_env=CMAKE_PREFIX_PATH=/opt/ros/noetic --test_env=PYTHONPATH=/opt/ros/noetic/lib/python3/dist-packages --test_env=PATH=/opt/ros/noetic/bin:/bin:/usr/bin --test_env=ROS_PACKAGE_PATH=/opt/ros/noetic/share --test_env=ROS_TEST_RESULTS_DIR=$TEST_UNDECLARED_OUTPUTS_DIR --//third_party/maps:hdmap=highway_westerneurope --//:use_python_38=True --//platform/cas/bazel:allow_fallbacks_without_stubbing --//platform/cas:use_no_const_codify --//platform/cas/shared/Include:ccset_debug --//:codify_use_no_const_for_parameters",
            "INFO: Found applicable config definition build:adp_clang15 in file /workspace/application/adp/bazel/adp.bazelrc: --experimental_guard_against_concurrent_changes --extra_toolchains=//bazel/toolchains/ubuntu_20_04_clang_15:clang --extra_execution_platforms=//bazel/platforms:host_linux_x86_64_clang --platforms=//bazel/platforms:host_linux_x86_64_clang --host_platform=//bazel/platforms:host_linux_x86_64_clang --force_pic --features=treat_warnings_as_errors",
            "INFO: Found applicable config definition build:adp_sanitizer in file /workspace/application/adp/bazel/adp.bazelrc: --features=sanitizer --action_env=UBSAN_OPTIONS=print_stacktrace=1 --@orion//common/memory/test/support:safe_memory_test_fixture_without_new_delete_override=True",
            "WARNING: The following configs were expanded more than once: [platform_ros, adp_clang15]. For repeatable flags, repeats are counted twice and may lead to unexpected behavior.",
            "INFO: Analyzed 79 targets (617 packages loaded, 19003 targets configured).",
            "INFO: Found 79 test targets...",
            "FAIL: //domains/fasinfo/sp21/common/ft:FT_tsf_ntor_sign_tracker (see /var/cache/bazel/host/eab0d61a99b6696edb3d2aff87b585e8/execroot/ddad/bazel-out/k8-dbg--asan/testlogs/domains/fasinfo/sp21/common/ft/FT_tsf_ntor_sign_tracker/test.log)",
            "INFO: From Testing //domains/fasinfo/sp21/common/ft:FT_tsf_ntor_sign_tracker:",
            "==================== Test output for //domains/fasinfo/sp21/common/ft:FT_tsf_ntor_sign_tracker:",
            "=================================================================",
            "==12==ERROR: AddressSanitizer: stack-use-after-scope on address 0x7fb420de8aa1 at pc 0x7fb42b085adf bp 0x7fff74b878f0 sp 0x7fff74b878e8",
            "READ of size 1 at 0x7fb420de8aa1 thread T0",
            "/bin/addr2line: DWARF error: invalid or unhandled FORM value: 0x25",
            "/bin/addr2line: DWARF error: invalid or unhandled FORM value: 0x25",
            "/bin/addr2line: DWARF error: invalid or unhandled FORM value: 0x25",
            "/bin/addr2line: DWARF error: invalid or unhandled FORM value: 0x25",
            "/bin/addr2line: DWARF error: invalid or unhandled FORM value: 0x25",
            "/bin/addr2line: DWARF error: invalid or unhandled FORM value: 0x25",
            "/bin/addr2line: DWARF error: invalid or unhandled FORM value: 0x25",
            "/bin/addr2line: DWARF error: invalid or unhandled FORM value: 0x25",
            "/bin/addr2line: DWARF error: section .debug_info is larger than its filesize! (0x93ef57 vs 0x530ea0)",
            "    #0 0x7fb42b085ade in frown::row::gw::stopping_position_fusion::StopPositionEvent::is_valid() const ??:?",
            "    #1 0x7fb42b0816a2 in frown::row::output::set(adp::perception::tsf::GiveWayEvent&, frown::row::output::SignFusionOutput::GiveWayFusionInput const&) sign_fusion_output.cpp:?",
            "    #2 0x7fb42b07e7fd in frown::row::output::SignFusionOutput::update(adp::perception::tsf::FusedTrafficSignsRowInterface&, frown::hal::CameraQualifier, frown::row::output::SignFusionOutput::GiveWayFusionInput const&, frown::row::output::SignFusionOutput::NtorFusionInput const&) ??:?",
            "    #3 0x7fb42afac8e0 in frown::RowOutputHandler::step(std::chrono::duration<long, std::ratio<1l, 1000l> >) ??:?",
            "    #4 0x7fb42af14a38 in frown::FrownApp::step(std::chrono::duration<long, std::ratio<1l, 1000l> >, frown::FrownApp::Inputs const&) ??:?",
            "    #5 0x7fb42c09f059 in bmw::fasinfo::FrownTask::step(unsigned int) ??:?",
            "    #6 0x7fb42c038593 in bmw::fasinfo::FasinfoApplication::step(unsigned int) ??:?",
            "    #7 0x7fb42f958a26 in bmw::fasinfo::TsfActivity::ExecuteStep() ??:?",
            "    #8 0x7fb426a39bd7 in adp::lifecycle::Activity::ExecuteStepWithActiveErrorHandling() ??:?",
            "    #9 0x7fb426a39415 in adp::lifecycle::Activity::Step() ??:?",
            "    #10 0x7fb4300ff525 in fasinfo::sim::XPadTaskNautilus::run(std::chrono::duration<long, std::ratio<1l, 1000000l> >) ??:?",
            "    #11 0x7fb4239abc34 in largo::Kernel::tick() ??:?",
            "    #12 0x7fb4305ca9ea in runner::run(char const*, std::istream&, char const*, std::ostream&, std::ostream&, std::vector<std::__cxx11::basic_string<char, std::char_traits<char>, std::allocator<char> >, std::allocator<std::__cxx11::basic_string<char, std::char_traits<char>, std::allocator<char> > > > const&, std::vector<std::__cxx11::basic_string<char, std::char_traits<char>, std::allocator<char> >, std::allocator<std::__cxx11::basic_string<char, std::char_traits<char>, std::allocator<char> > > > const&, std::unique_ptr<fasinfo::sim::XPadTaskNautilus, std::default_delete<fasinfo::sim::XPadTaskNautilus> >&) ??:?",
            "    #13 0x7fb4305cd84e in runner::run(runner::Args const&, std::unique_ptr<fasinfo::sim::XPadTaskNautilus, std::default_delete<fasinfo::sim::XPadTaskNautilus> >&) ??:?",
            "    #14 0x7fb4305cbe64 in runner::run(runner::Args const&) ??:?",
            "    #15 0x55b142a93b6a in main ??:?",
            "    #16 0x7fb423178082 in __libc_start_main ??:?",
            "    #17 0x55b1429d1bcd in _start ??:?",
            "",
            "Address 0x7fb420de8aa1 is located in stack of thread T0 at offset 161 in frame",
            "    #0 0x7fb42afabc5f in frown::RowOutputHandler::step(std::chrono::duration<long, std::ratio<1l, 1000l> >) ??:?",
            "",
            "  This frame has 4 object(s):",
            "    [32, 40) ''",
            "    [64, 120) 'gw_input' (line 43)",
            "    [160, 184) 'ref.tmp' (line 43) <== Memory access at offset 161 is inside this variable",
            "    [224, 240) 'ntor_input' (line 53)",
            "HINT: this may be a false positive if your program uses some custom stack unwind mechanism, swapcontext or vfork",
            "      (longjmp and C++ exceptions *are* supported)",
            "SUMMARY: AddressSanitizer: stack-use-after-scope ??:? in frown::row::gw::stopping_position_fusion::StopPositionEvent::is_valid() const",
            "Shadow bytes around the buggy address:",
            "  0x0ff7041b5100: f5 f5 f5 f5 f5 f5 f5 f5 f5 f5 f5 f5 f5 f5 f5 f5",
            "  0x0ff7041b5110: f5 f5 f5 f5 f5 f5 f5 f5 f5 f5 f5 f5 f5 f5 f5 f5",
            "  0x0ff7041b5120: f5 f5 f5 f5 f5 f5 f5 f5 f5 f5 f5 f5 f5 f5 f5 f5",
            "  0x0ff7041b5130: f5 f5 f5 f5 f5 f5 f5 f5 f5 f5 f5 f5 f5 f5 f5 f5",
            "  0x0ff7041b5140: f1 f1 f1 f1 00 f2 f2 f2 00 00 00 00 00 00 00 f2",
            "=>0x0ff7041b5150: f2 f2 f2 f2[f8]f8 f8 f2 f2 f2 f2 f2 00 00 f3 f3",
            "  0x0ff7041b5160: f1 f1 f1 f1 f8 f2 f2 f2 01 f2 01 f2 f8 f8 f2 f2",
            "  0x0ff7041b5170: f8 f8 f2 f2 f8 f2 f2 f2 f8 f2 f2 f2 f8 f8 f3 f3",
            "  0x0ff7041b5180: f5 f5 f5 f5 f5 f5 f5 f5 f5 f5 f5 f5 f5 f5 f5 f5",
            "  0x0ff7041b5190: f5 f5 f5 f5 f5 f5 f5 f5 f5 f5 f5 f5 f5 f5 f5 f5",
            "  0x0ff7041b51a0: f5 f5 f5 f5 f5 f5 f5 f5 f5 f5 f5 f5 f5 f5 f5 f5",
            "Shadow byte legend (one shadow byte represents 8 application bytes):",
            "  Addressable:           00",
            "  Partially addressable: 01 02 03 04 05 06 07 ",
            "  Heap left redzone:       fa",
            "  Freed heap region:       fd",
            "  Stack left redzone:      f1",
            "  Stack mid redzone:       f2",
            "  Stack right redzone:     f3",
            "  Stack after return:      f5",
            "  Stack use after scope:   f8",
            "  Global redzone:          f9",
            "  Global init order:       f6",
            "  Poisoned by user:        f7",
            "  Container overflow:      fc",
            "  Array cookie:            ac",
            "  Intra object redzone:    bb",
            "  ASan internal:           fe",
            "  Left alloca redzone:     ca",
            "  Right alloca redzone:    cb",
            "==12==ABORTING",
            "================================================================================",
            "FAIL: //domains/fasinfo/sp21/common/ft:FT_tsf_row_give_way (see /var/cache/bazel/host/eab0d61a99b6696edb3d2aff87b585e8/execroot/ddad/bazel-out/k8-dbg--asan/testlogs/domains/fasinfo/sp21/common/ft/FT_tsf_row_give_way/test.log)",
            "INFO: From Testing //domains/fasinfo/sp21/common/ft:FT_tsf_row_give_way:",
            "==================== Test output for //domains/fasinfo/sp21/common/ft:FT_tsf_row_give_way:",
            "=================================================================",
            "==12==ERROR: AddressSanitizer: stack-use-after-scope on address 0x7f938cfd94a1 at pc 0x7f9397051adf bp 0x7ffdc785a4f0 sp 0x7ffdc785a4e8",
            "READ of size 1 at 0x7f938cfd94a1 thread T0",
            "/bin/addr2line: DWARF error: invalid or unhandled FORM value: 0x25",
            "/bin/addr2line: DWARF error: invalid or unhandled FORM value: 0x25",
            "/bin/addr2line: DWARF error: invalid or unhandled FORM value: 0x25",
            "/bin/addr2line: DWARF error: invalid or unhandled FORM value: 0x25",
            "/bin/addr2line: DWARF error: invalid or unhandled FORM value: 0x25",
            "/bin/addr2line: DWARF error: invalid or unhandled FORM value: 0x25",
            "/bin/addr2line: DWARF error: invalid or unhandled FORM value: 0x25",
            "/bin/addr2line: DWARF error: invalid or unhandled FORM value: 0x25",
            "/bin/addr2line: DWARF error: section .debug_info is larger than its filesize! (0x93ef57 vs 0x530ea0)",
            "    #0 0x7f9397051ade in frown::row::gw::stopping_position_fusion::StopPositionEvent::is_valid() const ??:?",
            "    #1 0x7f939704d6a2 in frown::row::output::set(adp::perception::tsf::GiveWayEvent&, frown::row::output::SignFusionOutput::GiveWayFusionInput const&) sign_fusion_output.cpp:?",
            "    #2 0x7f939704a7fd in frown::row::output::SignFusionOutput::update(adp::perception::tsf::FusedTrafficSignsRowInterface&, frown::hal::CameraQualifier, frown::row::output::SignFusionOutput::GiveWayFusionInput const&, frown::row::output::SignFusionOutput::NtorFusionInput const&) ??:?",
            "    #3 0x7f9396f788e0 in frown::RowOutputHandler::step(std::chrono::duration<long, std::ratio<1l, 1000l> >) ??:?",
            "    #4 0x7f9396ee0a38 in frown::FrownApp::step(std::chrono::duration<long, std::ratio<1l, 1000l> >, frown::FrownApp::Inputs const&) ??:?",
            "    #5 0x7f939806b059 in bmw::fasinfo::FrownTask::step(unsigned int) ??:?",
            "    #6 0x7f9398004593 in bmw::fasinfo::FasinfoApplication::step(unsigned int) ??:?",
            "    #7 0x7f939b924a26 in bmw::fasinfo::TsfActivity::ExecuteStep() ??:?",
            "    #8 0x7f9392a05bd7 in adp::lifecycle::Activity::ExecuteStepWithActiveErrorHandling() ??:?",
            "    #9 0x7f9392a05415 in adp::lifecycle::Activity::Step() ??:?",
            "    #10 0x7f939c0cb525 in fasinfo::sim::XPadTaskNautilus::run(std::chrono::duration<long, std::ratio<1l, 1000000l> >) ??:?",
            "    #11 0x7f938f977c34 in largo::Kernel::tick() ??:?",
            "    #12 0x7f939c5969ea in runner::run(char const*, std::istream&, char const*, std::ostream&, std::ostream&, std::vector<std::__cxx11::basic_string<char, std::char_traits<char>, std::allocator<char> >, std::allocator<std::__cxx11::basic_string<char, std::char_traits<char>, std::allocator<char> > > > const&, std::vector<std::__cxx11::basic_string<char, std::char_traits<char>, std::allocator<char> >, std::allocator<std::__cxx11::basic_string<char, std::char_traits<char>, std::allocator<char> > > > const&, std::unique_ptr<fasinfo::sim::XPadTaskNautilus, std::default_delete<fasinfo::sim::XPadTaskNautilus> >&) ??:?",
            "    #13 0x7f939c59984e in runner::run(runner::Args const&, std::unique_ptr<fasinfo::sim::XPadTaskNautilus, std::default_delete<fasinfo::sim::XPadTaskNautilus> >&) ??:?",
            "    #14 0x7f939c597e64 in runner::run(runner::Args const&) ??:?",
            "    #15 0x559d4407fb6a in main ??:?",
            "    #16 0x7f938f144082 in __libc_start_main ??:?",
            "    #17 0x559d43fbdbcd in _start ??:?",
            "",
            "Address 0x7f938cfd94a1 is located in stack of thread T0 at offset 161 in frame",
            "    #0 0x7f9396f77c5f in frown::RowOutputHandler::step(std::chrono::duration<long, std::ratio<1l, 1000l> >) ??:?",
            "",
            "  This frame has 4 object(s):",
            "    [32, 40) ''",
            "    [64, 120) 'gw_input' (line 43)",
            "    [160, 184) 'ref.tmp' (line 43) <== Memory access at offset 161 is inside this variable",
            "    [224, 240) 'ntor_input' (line 53)",
            "HINT: this may be a false positive if your program uses some custom stack unwind mechanism, swapcontext or vfork",
            "      (longjmp and C++ exceptions *are* supported)",
            "SUMMARY: AddressSanitizer: stack-use-after-scope ??:? in frown::row::gw::stopping_position_fusion::StopPositionEvent::is_valid() const",
            "Shadow bytes around the buggy address:",
            "  0x0ff2f19f3240: f5 f5 f5 f5 f5 f5 f5 f5 f5 f5 f5 f5 f5 f5 f5 f5",
            "  0x0ff2f19f3250: f5 f5 f5 f5 f5 f5 f5 f5 f5 f5 f5 f5 f5 f5 f5 f5",
            "  0x0ff2f19f3260: f5 f5 f5 f5 f5 f5 f5 f5 f5 f5 f5 f5 f5 f5 f5 f5",
            "  0x0ff2f19f3270: f5 f5 f5 f5 f5 f5 f5 f5 f5 f5 f5 f5 f5 f5 f5 f5",
            "  0x0ff2f19f3280: f1 f1 f1 f1 00 f2 f2 f2 00 00 00 00 00 00 00 f2",
            "=>0x0ff2f19f3290: f2 f2 f2 f2[f8]f8 f8 f2 f2 f2 f2 f2 00 00 f3 f3",
            "  0x0ff2f19f32a0: f1 f1 f1 f1 f8 f2 f2 f2 01 f2 01 f2 f8 f8 f2 f2",
            "  0x0ff2f19f32b0: f8 f8 f2 f2 f8 f2 f2 f2 f8 f2 f2 f2 f8 f8 f3 f3",
            "  0x0ff2f19f32c0: f5 f5 f5 f5 f5 f5 f5 f5 f5 f5 f5 f5 f5 f5 f5 f5",
            "  0x0ff2f19f32d0: f5 f5 f5 f5 f5 f5 f5 f5 f5 f5 f5 f5 f5 f5 f5 f5",
            "  0x0ff2f19f32e0: f5 f5 f5 f5 f5 f5 f5 f5 f5 f5 f5 f5 f5 f5 f5 f5",
            "Shadow byte legend (one shadow byte represents 8 application bytes):",
            "  Addressable:           00",
            "  Partially addressable: 01 02 03 04 05 06 07 ",
            "  Heap left redzone:       fa",
            "  Freed heap region:       fd",
            "  Stack left redzone:      f1",
            "  Stack mid redzone:       f2",
            "  Stack right redzone:     f3",
            "  Stack after return:      f5",
            "  Stack use after scope:   f8",
            "  Global redzone:          f9",
            "  Global init order:       f6",
            "  Poisoned by user:        f7",
            "  Container overflow:      fc",
            "  Array cookie:            ac",
            "  Intra object redzone:    bb",
            "  ASan internal:           fe",
            "  Left alloca redzone:     ca",
            "  Right alloca redzone:    cb",
            "==12==ABORTING",
            "================================================================================",
            "FAIL: //domains/fasinfo/sp21/common/ft:FT_tsf_row_stop (see /var/cache/bazel/host/eab0d61a99b6696edb3d2aff87b585e8/execroot/ddad/bazel-out/k8-dbg--asan/testlogs/domains/fasinfo/sp21/common/ft/FT_tsf_row_stop/test.log)",
            "INFO: From Testing //domains/fasinfo/sp21/common/ft:FT_tsf_row_stop:",
            "==================== Test output for //domains/fasinfo/sp21/common/ft:FT_tsf_row_stop:",
            "=================================================================",
            "==12==ERROR: AddressSanitizer: stack-use-after-scope on address 0x7fc4d95d90a1 at pc 0x7fc4e36dbadf bp 0x7fff83b81450 sp 0x7fff83b81448",
            "READ of size 1 at 0x7fc4d95d90a1 thread T0",
            "/bin/addr2line: DWARF error: invalid or unhandled FORM value: 0x25",
            "/bin/addr2line: DWARF error: invalid or unhandled FORM value: 0x25",
            "/bin/addr2line: DWARF error: invalid or unhandled FORM value: 0x25",
            "/bin/addr2line: DWARF error: invalid or unhandled FORM value: 0x25",
            "/bin/addr2line: DWARF error: invalid or unhandled FORM value: 0x25",
            "/bin/addr2line: DWARF error: invalid or unhandled FORM value: 0x25",
            "/bin/addr2line: DWARF error: invalid or unhandled FORM value: 0x25",
            "/bin/addr2line: DWARF error: invalid or unhandled FORM value: 0x25",
            "/bin/addr2line: DWARF error: section .debug_info is larger than its filesize! (0x93ef57 vs 0x530ea0)",
            "    #0 0x7fc4e36dbade in frown::row::gw::stopping_position_fusion::StopPositionEvent::is_valid() const ??:?",
            "    #1 0x7fc4e36d76a2 in frown::row::output::set(adp::perception::tsf::GiveWayEvent&, frown::row::output::SignFusionOutput::GiveWayFusionInput const&) sign_fusion_output.cpp:?",
            "    #2 0x7fc4e36d47fd in frown::row::output::SignFusionOutput::update(adp::perception::tsf::FusedTrafficSignsRowInterface&, frown::hal::CameraQualifier, frown::row::output::SignFusionOutput::GiveWayFusionInput const&, frown::row::output::SignFusionOutput::NtorFusionInput const&) ??:?",
            "    #3 0x7fc4e36028e0 in frown::RowOutputHandler::step(std::chrono::duration<long, std::ratio<1l, 1000l> >) ??:?",
            "    #4 0x7fc4e356aa38 in frown::FrownApp::step(std::chrono::duration<long, std::ratio<1l, 1000l> >, frown::FrownApp::Inputs const&) ??:?",
            "    #5 0x7fc4e46f5059 in bmw::fasinfo::FrownTask::step(unsigned int) ??:?",
            "    #6 0x7fc4e468e593 in bmw::fasinfo::FasinfoApplication::step(unsigned int) ??:?",
            "    #7 0x7fc4e7faea26 in bmw::fasinfo::TsfActivity::ExecuteStep() ??:?",
            "    #8 0x7fc4df08fbd7 in adp::lifecycle::Activity::ExecuteStepWithActiveErrorHandling() ??:?",
            "    #9 0x7fc4df08f415 in adp::lifecycle::Activity::Step() ??:?",
            "    #10 0x7fc4e8755525 in fasinfo::sim::XPadTaskNautilus::run(std::chrono::duration<long, std::ratio<1l, 1000000l> >) ??:?",
            "    #11 0x7fc4dc001c34 in largo::Kernel::tick() ??:?",
            "    #12 0x7fc4e8c209ea in runner::run(char const*, std::istream&, char const*, std::ostream&, std::ostream&, std::vector<std::__cxx11::basic_string<char, std::char_traits<char>, std::allocator<char> >, std::allocator<std::__cxx11::basic_string<char, std::char_traits<char>, std::allocator<char> > > > const&, std::vector<std::__cxx11::basic_string<char, std::char_traits<char>, std::allocator<char> >, std::allocator<std::__cxx11::basic_string<char, std::char_traits<char>, std::allocator<char> > > > const&, std::unique_ptr<fasinfo::sim::XPadTaskNautilus, std::default_delete<fasinfo::sim::XPadTaskNautilus> >&) ??:?",
            "    #13 0x7fc4e8c2384e in runner::run(runner::Args const&, std::unique_ptr<fasinfo::sim::XPadTaskNautilus, std::default_delete<fasinfo::sim::XPadTaskNautilus> >&) ??:?",
            "    #14 0x7fc4e8c21e64 in runner::run(runner::Args const&) ??:?",
            "    #15 0x55999155cb6a in main ??:?",
            "    #16 0x7fc4db7ce082 in __libc_start_main ??:?",
            "    #17 0x55999149abcd in _start ??:?",
            "",
            "Address 0x7fc4d95d90a1 is located in stack of thread T0 at offset 161 in frame",
            "    #0 0x7fc4e3601c5f in frown::RowOutputHandler::step(std::chrono::duration<long, std::ratio<1l, 1000l> >) ??:?",
            "",
            "  This frame has 4 object(s):",
            "    [32, 40) ''",
            "    [64, 120) 'gw_input' (line 43)",
            "    [160, 184) 'ref.tmp' (line 43) <== Memory access at offset 161 is inside this variable",
            "    [224, 240) 'ntor_input' (line 53)",
            "HINT: this may be a false positive if your program uses some custom stack unwind mechanism, swapcontext or vfork",
            "      (longjmp and C++ exceptions *are* supported)",
            "SUMMARY: AddressSanitizer: stack-use-after-scope ??:? in frown::row::gw::stopping_position_fusion::StopPositionEvent::is_valid() const",
            "Shadow bytes around the buggy address:",
            "  0x0ff91b2b31c0: f5 f5 f5 f5 f5 f5 f5 f5 f5 f5 f5 f5 f5 f5 f5 f5",
            "  0x0ff91b2b31d0: f5 f5 f5 f5 f5 f5 f5 f5 f5 f5 f5 f5 f5 f5 f5 f5",
            "  0x0ff91b2b31e0: f5 f5 f5 f5 f5 f5 f5 f5 f5 f5 f5 f5 f5 f5 f5 f5",
            "  0x0ff91b2b31f0: f5 f5 f5 f5 f5 f5 f5 f5 f5 f5 f5 f5 f5 f5 f5 f5",
            "  0x0ff91b2b3200: f1 f1 f1 f1 00 f2 f2 f2 00 00 00 00 00 00 00 f2",
            "=>0x0ff91b2b3210: f2 f2 f2 f2[f8]f8 f8 f2 f2 f2 f2 f2 00 00 f3 f3",
            "  0x0ff91b2b3220: f1 f1 f1 f1 f8 f2 f2 f2 01 f2 01 f2 f8 f8 f2 f2",
            "  0x0ff91b2b3230: f8 f8 f2 f2 f8 f2 f2 f2 f8 f2 f2 f2 f8 f8 f3 f3",
            "  0x0ff91b2b3240: f5 f5 f5 f5 f5 f5 f5 f5 f5 f5 f5 f5 f5 f5 f5 f5",
            "  0x0ff91b2b3250: f5 f5 f5 f5 f5 f5 f5 f5 f5 f5 f5 f5 f5 f5 f5 f5",
            "  0x0ff91b2b3260: f5 f5 f5 f5 f5 f5 f5 f5 f5 f5 f5 f5 f5 f5 f5 f5",
            "Shadow byte legend (one shadow byte represents 8 application bytes):",
            "  Addressable:           00",
            "  Partially addressable: 01 02 03 04 05 06 07 ",
            "  Heap left redzone:       fa",
            "  Freed heap region:       fd",
            "  Stack left redzone:      f1",
            "  Stack mid redzone:       f2",
            "  Stack right redzone:     f3",
            "  Stack after return:      f5",
            "  Stack use after scope:   f8",
            "  Global redzone:          f9",
            "  Global init order:       f6",
            "  Poisoned by user:        f7",
            "  Container overflow:      fc",
            "  Array cookie:            ac",
            "  Intra object redzone:    bb",
            "  ASan internal:           fe",
            "  Left alloca redzone:     ca",
            "  Right alloca redzone:    cb",
            "==12==ABORTING",
            "================================================================================",
            "INFO: Elapsed time: 151.509s, Critical Path: 8.47s",
            "INFO: 3639 processes: 3061 remote cache hit, 572 internal, 6 linux-sandbox.",
            "//domains/fasinfo/sli/target/config/codegens/sli_data_tool:test_slinpimode_extractor (cached) PASSED in 0.5s",
            "//domains/fasinfo/sli/tests/component_tests:component_tests     (cached) PASSED in 12.1s",
            "//domains/fasinfo/sli/tests/unit_tests:unit_tests               (cached) PASSED in 54.0s",
            "//domains/fasinfo/sp21/common/activities/fasinfo:fasinfo_activity_unit_tests (cached) PASSED in 1.9s",
            "//domains/fasinfo/sp21/common/activities/utils/test:unittests   (cached) PASSED in 0.1s",
            "//domains/fasinfo/sp21/common/bazel/lua_rules_tests:test        (cached) PASSED in 0.1s",
            "//domains/fasinfo/sp21/common/ft:FT_tsf_ntor_sign_fusion        (cached) PASSED in 26.5s",
            "//domains/fasinfo/sp21/common/ft:FT_tsf_row_no_signs            (cached) PASSED in 25.5s",
            "//domains/fasinfo/sp21/common/ft:FT_tsf_ww_basic_innercity_city_gate_jp (cached) PASSED in 38.6s",
            "//domains/fasinfo/sp21/common/ft:FT_tsf_ww_basic_innercity_gate (cached) PASSED in 28.0s",
            "//domains/fasinfo/sp21/common/ft:FT_tsf_ww_basic_innercity_gate_illegal (cached) PASSED in 26.2s",
            "//domains/fasinfo/sp21/common/ft:FT_tsf_ww_basic_innercity_gate_illegal_usa (cached) PASSED in 36.9s",
            "//domains/fasinfo/sp21/common/ft:FT_tsf_ww_basic_innercity_gate_lht (cached) PASSED in 36.0s",
            "//domains/fasinfo/sp21/common/ft:FT_tsf_ww_basic_outside_city_gate (cached) PASSED in 26.6s",
            "//domains/fasinfo/sp21/common/ft:FT_tsf_ww_basic_outside_city_gate_lht (cached) PASSED in 32.0s",
            "//domains/fasinfo/sp21/common/ft:FT_tsf_ww_basic_parking        (cached) PASSED in 34.2s",
            "//domains/fasinfo/sp21/common/ft:FT_tsf_ww_basic_parking_lht    (cached) PASSED in 34.1s",
            "//domains/fasinfo/sp21/common/ft:FT_tsf_ww_basic_roundabout     (cached) PASSED in 25.2s",
            "//domains/fasinfo/sp21/common/ft:FT_tsf_ww_basic_roundabout_lht (cached) PASSED in 23.9s",
            "//domains/fasinfo/sp21/common/ft:FT_tsf_ww_basic_standard       (cached) PASSED in 28.7s",
            "//domains/fasinfo/sp21/common/ft:FT_tsf_ww_basic_standard_lht   (cached) PASSED in 30.1s",
            "//domains/fasinfo/sp21/common/ft:FT_tsf_ww_sign_tracker         (cached) PASSED in 28.0s",
            "//domains/fasinfo/sp21/common/simulation/camerasimulationtask:unittests (cached) PASSED in 0.2s",
            "//domains/fasinfo/sp21/common/simulation/constantin:test        (cached) PASSED in 0.3s",
            "//domains/fasinfo/sp21/common/simulation/dlt_reflection:unittests (cached) PASSED in 0.1s",
            "//domains/fasinfo/sp21/common/simulation/dstream:dstream_tests  (cached) PASSED in 0.6s",
            "//domains/fasinfo/sp21/common/simulation/dstream:json_tests     (cached) PASSED in 0.6s",
            "//domains/fasinfo/sp21/common/simulation/functional_test_runner:test_functional_test_runner (cached) PASSED in 0.3s",
            "//domains/fasinfo/sp21/common/simulation/largo:unittests        (cached) PASSED in 10.3s",
            "//domains/fasinfo/sp21/common/simulation/largo/tests/someipserializer_k4_for_unittests_only:someipserializer_k4_for_unittests_only-test (cached) PASSED in 1.2s",
            "//domains/fasinfo/sp21/common/simulation/ringbuffer:unittests   (cached) PASSED in 0.1s",
            "//domains/fasinfo/sp21/common/simulation/stan:unittests         (cached) PASSED in 0.2s",
            "//domains/fasinfo/sp21/common/simulation/stan/nautilus/test:test (cached) PASSED in 0.2s",
            "//domains/fasinfo/sp21/common/target/dlt/fibex_merger:tests     (cached) PASSED in 1.1s",
            "//domains/fasinfo/sp21/common/target/xpad/test/app_uts:app_tests (cached) PASSED in 0.2s",
            "//domains/fasinfo/sp21/common/target/xpad/test/lib_uts:lib_tests (cached) PASSED in 8.1s",
            "//domains/fasinfo/sp21/common/tools/quality/clang-tidy:clang_tidy_check_tests (cached) PASSED in 1.2s",
            "//domains/fasinfo/sp21/common/tools/quality/teamscale/credentials:unittests (cached) PASSED in 1.0s",
            "//domains/fasinfo/sp21/common/tools/quality/teamscale/custom_findings_upload:unittests (cached) PASSED in 1.5s",
            "//domains/fasinfo/sp21/sli/fts:FT_fsl_attention_corridor        (cached) PASSED in 5.6s",
            "//domains/fasinfo/sp21/sli/fts:FT_fsl_condition_assignment      (cached) PASSED in 32.6s",
            "//domains/fasinfo/sp21/sli/fts:FT_fsl_couple_sls_with_danger_signs_to_map (cached) PASSED in 23.8s",
            "//domains/fasinfo/sp21/sli/fts:FT_fsl_ctx_change                (cached) PASSED in 35.2s",
            "//domains/fasinfo/sp21/sli/fts:FT_fsl_exits                     (cached) PASSED in 16.0s",
            "//domains/fasinfo/sp21/sli/fts:FT_fsl_holding_distances         (cached) PASSED in 77.5s",
            "//domains/fasinfo/sp21/sli/fts:FT_fsl_ignore_sign_too_far_from_other_sign (cached) PASSED in 11.2s",
            "//domains/fasinfo/sp21/sli/fts:FT_fsl_ignore_sl_near_city_entry_sign (cached) PASSED in 7.6s",
            "//domains/fasinfo/sp21/sli/fts:FT_fsl_map_caching               (cached) PASSED in 63.3s",
            "//domains/fasinfo/sp21/sli/fts:FT_fsl_output_sources            (cached) PASSED in 10.8s",
            "//domains/fasinfo/sp21/sli/fts:FT_fsl_output_traffic_area       (cached) PASSED in 8.4s",
            "//domains/fasinfo/sp21/sli/fts:FT_fsl_output_triggers           (cached) PASSED in 8.0s",
            "//domains/fasinfo/sp21/sli/fts:FT_fsl_parallel_road_map_based   (cached) PASSED in 5.2s",
            "//domains/fasinfo/sp21/sli/fts:FT_fsl_sign_dominance            (cached) PASSED in 12.0s",
            "//domains/fasinfo/sp21/sli/fts:FT_fsl_sign_grouping             (cached) PASSED in 28.4s",
            "//domains/fasinfo/sp21/sli/fts:FT_fsl_supplemental_sign_inheritance (cached) PASSED in 7.5s",
            "//domains/fasinfo/sp21/sli/fts:FT_fsl_trailer                   (cached) PASSED in 2.5s",
            "//domains/fasinfo/sp21/sli/fts:FT_fsl_units                     (cached) PASSED in 8.2s",
            "//domains/fasinfo/sp21/sli/fts:FT_fsl_withdrawal_effects        (cached) PASSED in 24.9s",
            "//domains/fasinfo/sp21/sli/fts:FT_otr_output                    (cached) PASSED in 29.8s",
            "//domains/fasinfo/sp21/sli/fts:functional_test_lib_unit_tests   (cached) PASSED in 0.1s",
            "//domains/fasinfo/sp21/sli/simulation/adas_deconstructor:unittests (cached) PASSED in 0.5s",
            "//domains/fasinfo/sp21/sli/simulation/speed_profile:unittests   (cached) PASSED in 0.1s",
            "//domains/fasinfo/sp21/sli/simulation/test_case_checker:unittests (cached) PASSED in 0.3s",
            "//domains/fasinfo/tsf/common/test:tests                         (cached) PASSED in 0.7s",
            "//domains/fasinfo/tsf/config:test                               (cached) PASSED in 0.1s",
            "//domains/fasinfo/tsf/config/generator:tsf_config_generator_format (cached) PASSED in 0.2s",
            "//domains/fasinfo/tsf/config/generator:tsf_config_generator_tests (cached) PASSED in 0.1s",
            "//domains/fasinfo/tsf/config/rust:tsf_config_format             (cached) PASSED in 0.4s",
            "//domains/fasinfo/tsf/config/rust:tsf_config_test               (cached) PASSED in 0.3s",
            "//domains/fasinfo/tsf/efs/test:enhanced_fused_signs_test        (cached) PASSED in 0.5s",
            "//domains/fasinfo/tsf/frown/test:test                           (cached) PASSED in 0.4s",
            "//domains/fasinfo/tsf/sltsf/test:tests                          (cached) PASSED in 0.6s",
            "//domains/fasinfo/tsli/tests/component_tests:component_tests    (cached) PASSED in 1.1s",
            "//domains/fasinfo/tsli/tests/unit_tests:unit_tests              (cached) PASSED in 16.8s",
            "//domains/fasinfo/validation/kpi_calculation/kpi_calculation_tsf:kpi_calculation_tests (cached) PASSED in 3.0s",
            "//domains/fasinfo/validation/kpi_calculation/kpi_calculation_tsli:tsli_kpi_calculation_tests (cached) PASSED in 2.5s",
            "//domains/fasinfo/sp21/common/ft:FT_tsf_ntor_sign_tracker                FAILED in 6.2s",
            "  /var/cache/bazel/host/eab0d61a99b6696edb3d2aff87b585e8/execroot/ddad/bazel-out/k8-dbg--asan/testlogs/domains/fasinfo/sp21/common/ft/FT_tsf_ntor_sign_tracker/test.log",
            "//domains/fasinfo/sp21/common/ft:FT_tsf_row_give_way                     FAILED in 5.8s",
            "  /var/cache/bazel/host/eab0d61a99b6696edb3d2aff87b585e8/execroot/ddad/bazel-out/k8-dbg--asan/testlogs/domains/fasinfo/sp21/common/ft/FT_tsf_row_give_way/test.log",
            "//domains/fasinfo/sp21/common/ft:FT_tsf_row_stop                         FAILED in 5.5s",
            "  /var/cache/bazel/host/eab0d61a99b6696edb3d2aff87b585e8/execroot/ddad/bazel-out/k8-dbg--asan/testlogs/domains/fasinfo/sp21/common/ft/FT_tsf_row_stop/test.log",
            "",
            "Executed 3 out of 79 tests: 76 tests pass and 3 fail locally.",
            "There were tests whose specified size is too big. Use the --test_verbose_timeout_warnings command line option to see which ones these are."
        ],
        "msg": "non-zero return code",
        "name": []
    }
]