[
    {
        "task_name": "Unnamed task",
        "node": "node",
        "stderr": "",
        "stdout_lines": [
            "",
            "=========================================",
            " Exec docker container 'orion-master-universe-ubuntu-pre-built-aws-16-core-64gb-spot_'",
            "=========================================",
            "",
            "+ cd /workspace",
            "+ mkdir -p /logs_dir/buildlogs",
            "+ export PYTHONPATH=:/workspace_ci_config/scripts/bazel_runner_core",
            "+ PYTHONPATH=:/workspace_ci_config/scripts/bazel_runner_core",
            "+ python3 ci_tools/bazel_runner_configs/gcc9_build_and_test.py --workspace_path=/workspace --bazel_disk_cache=None --bazel_experimental_local_memory_estimate=False --bazel_explains=/logs_dir/bazel_explains --bazel_suppress_output=True --bazel_install_archive_name=None --bazel_jobs=0 --bazel_keep_going=False --bazel_noremote_accept_cached=False --bazel_output_dir=/home/developer/output_base --bazel_profiles=/logs_dir/bazel_profiles --bazel_remote_cache=grpcs://common.engflow.cc.bmwgroup.net:443 --bazel_remote_cert_path=/engflow_credentials/engflow.crt --bazel_remote_key_path=/engflow_credentials/engflow.key --bazel_remote_download_minimal=False --bazel_remote_download_toplevel=False --bazel_remote_local_fallback=True --bazel_remote_max_connections=30 --bazel_remote_retries=3 --bazel_repository_cache=None '--bazel_command_extra_opts=  --remote_instance_name= --remote_default_exec_properties=no-remote-exec=true' --bazel_runs_per_test=0 --bazel_cache_test_results=None --bazel_sandbox_base=/bazel/sandbox/ --bazel_flaky_test_attempts=3 --bazel_test_keep_going=True --bazel_noslim_profile=False --fast_fail_exit=True --rpu_boardnet_cw=None --rpu_variant=None --smart_target_picking=False --build_log_path=/logs_dir/buildlogs/build_log.txt --test_log_path=/logs_dir/buildlogs/test_log.txt --times_log_path=/logs_dir/buildlogs/times_log.txt --console_output=True --zuul_branch=master --zuul_build_log_url=https://cc-ci.bmwgroup.net/logs/t/eu-central-1/ddad/swh/adp/72/167672/17a9bc59089ff93da6c6dc22b04a349b665e0d48/aws-check/orion-gcc9-build-and-test-aws-spot/077b652/ --zuul_build_uuid=077b652b1ab24672a65b3a6e92f53d80 --zuul_buildset_uuid=e45911a4e8454568b9bd94bbb5f2a8b5 --zuul_job_name=orion-gcc9-build-and-test-aws-spot --zuul_nodepool_region=AWS --zuul_patchset=17a9bc59089ff93da6c6dc22b04a349b665e0d48 --zuul_pipeline=aws-check --zuul_repository=swh/adp --max_number_of_retries=5 --retry_search_line_length=100000 --log_output_dir=/logs_dir --data_upload_path=/upload_dir",
            "bazel --output_base=/home/developer/output_base build --announce_rc --config=gcc9 --experimental_profile_include_target_label --experimental_collect_worker_data_in_profiler --experimental_collect_load_average_in_profiler --experimental_collect_system_network_usage --experimental_remote_merkle_tree_cache --experimental_remote_cache_async --experimental_repository_downloader_retries=3 --grpc_keepalive_time=30s --remote_cache=grpcs://common.engflow.cc.bmwgroup.net:443 --remote_instance_name=local --remote_local_fallback --remote_max_connections=30 --remote_retries=3 --remote_timeout=300s --remote_upload_local_results --repo_env=GIT_LFS_SKIP_SMUDGE=1 --show_progress_rate_limit=1 --profile=/logs_dir/bazel_profiles/profile_bazel_build_orion_all_0.json --tls_client_certificate=/engflow_credentials/engflow.crt --tls_client_key=/engflow_credentials/engflow.key --build_tag_filters=-matlab --features=-debug_symbols --flaky_test_attempts=3 --nobuild_runfile_links --output_filter=DONT_MATCH_ANYTHING --sandbox_base=/bazel/sandbox/ --test_tag_filters=-broken,-matlab --test_timeout_filters=short,moderate --workspace_status_command=/bin/true --explain=/logs_dir/bazel_explains/explain_bazel_build_orion_all_0.txt --remote_instance_name= --remote_default_exec_properties=no-remote-exec=true -- //...",
            "Extracting Bazel installation...",
            "Starting local Bazel server and connecting to it...",
            "INFO: Invocation ID: 8870afd2-311e-44b1-853e-25c987d8f6e3",
            "INFO: Options provided by the client:",
            "  Inherited 'common' options: --isatty=0 --terminal_columns=80",
            "INFO: Reading rc options for 'build' from /workspace/.bazelrc:",
            "  Inherited 'common' options: --experimental_downloader_config=experimental_downloader_config --repo_env=GIT_LFS_SKIP_SMUDGE=1 --experimental_allow_tags_propagation --incompatible_disallow_empty_glob --incompatible_no_implicit_file_export --heap_dump_on_oom",
            "INFO: Reading rc options for 'build' from /workspace/.bazelrc:",
            "  'build' options: --java_language_version=17 --tool_java_language_version=17 --java_runtime_version=remotejdk_17 --tool_java_runtime_version=remotejdk_17 --//:ad_generation=25 --define target=orion_build --@ddad//:use_qclibs --experimental_guard_against_concurrent_changes --experimental_retain_test_configuration_across_testonly --features=treat_warnings_as_errors --force_pic --incompatible_default_to_explicit_init_py --incompatible_disable_native_android_rules --incompatible_disallow_resource_jars --incompatible_enable_cc_toolchain_resolution --incompatible_enforce_config_setting_visibility --incompatible_exclusive_test_sandboxed --incompatible_strict_action_env --noincompatible_use_platforms_repo_for_constraints --sandbox_default_allow_network=false --extra_toolchains=@swh_bazel_toolchains//opencl:opencl_clang_toolchain",
            "INFO: Found applicable config definition build:gcc9 in file /workspace/.bazelrc: --extra_toolchains=@swh_bazel_toolchains//ubuntu_20_04_gcc_9:gcc --extra_execution_platforms=//bazel/platforms:host_linux_x86_64_gcc --platforms=//bazel/platforms:host_linux_x86_64_gcc --host_platform=//bazel/platforms:host_linux_x86_64_gcc",
            "Loading: ",
            "Loading: ",
            "Loading: ",
            "Loading: 2 packages loaded",
            "DEBUG: /workspace/bazel/utility/msg.bzl:17:10: [INFO] Running status_seatbelts_proxy component test with condition_evaluator_ad_asil_b_activity.",
            "DEBUG: /workspace/bazel/utility/msg.bzl:17:10: [WARNING] front_camera_lane_boundaries_and_road_edges_proxy test will not be executed as component test! Reason is : Currently not used in any checker, but will be soon!",
            "DEBUG: /workspace/bazel/utility/msg.bzl:17:10: [WARNING] road_boundaries_proxy test will not be executed as component test! Reason is : Currently not used in any checker, but will be soon!",
            "DEBUG: /workspace/bazel/utility/msg.bzl:17:10: [WARNING] surround_view_cameras_lane_boundaries_and_road_edges_proxy test will not be executed as component test! Reason is : Currently not used in any checker, but will be soon!",
            "DEBUG: /workspace/bazel/utility/msg.bzl:17:10: [INFO] Running odd_events_proxy component test with condition_evaluator_ad_asil_b_activity.",
            "DEBUG: /workspace/bazel/utility/msg.bzl:17:10: [INFO] Running logging_proxy component test with condition_evaluator_ad_asil_b_activity.",
            "DEBUG: /workspace/bazel/utility/msg.bzl:17:10: [INFO] Running parameter_proxy component test with condition_evaluator_ad_asil_b_activity.",
            "DEBUG: /workspace/bazel/utility/msg.bzl:17:10: [INFO] Running common_parameter_proxy component test with condition_evaluator_ad_asil_b_activity.",
            "DEBUG: /workspace/bazel/utility/msg.bzl:17:10: [INFO] Running status_seatbelts_proxy component test with condition_evaluator_ad_qm_activity.",
            "DEBUG: /workspace/bazel/utility/msg.bzl:17:10: [INFO] Running indicator_state_proxy component test with condition_evaluator_ad_qm_activity.",
            "DEBUG: /workspace/bazel/utility/msg.bzl:17:10: [INFO] Running front_camera_landmarks_traffic_signs_proxy component test with condition_evaluator_ad_qm_activity.",
            "DEBUG: /workspace/bazel/utility/msg.bzl:17:10: [WARNING] front_camera_lane_boundaries_and_road_edges_proxy test will not be executed as component test! Reason is : Currently not used in any checker, but will be soon!",
            "DEBUG: /workspace/bazel/utility/msg.bzl:17:10: [WARNING] road_boundaries_proxy test will not be executed as component test! Reason is : Currently not used in any checker, but will be soon!",
            "DEBUG: /workspace/bazel/utility/msg.bzl:17:10: [WARNING] surround_view_cameras_lane_boundaries_and_road_edges_proxy test will not be executed as component test! Reason is : Currently not used in any checker, but will be soon!",
            "DEBUG: /workspace/bazel/utility/msg.bzl:17:10: [INFO] Running vehicle_velocity_proxy component test with condition_evaluator_ad_qm_activity.",
            "DEBUG: /workspace/bazel/utility/msg.bzl:17:10: [INFO] Running odd_events_proxy component test with condition_evaluator_ad_qm_activity.",
            "DEBUG: /workspace/bazel/utility/msg.bzl:17:10: [INFO] Running logging_proxy component test with condition_evaluator_ad_qm_activity.",
            "DEBUG: /workspace/bazel/utility/msg.bzl:17:10: [INFO] Running parameter_proxy component test with condition_evaluator_ad_qm_activity.",
            "DEBUG: /workspace/bazel/utility/msg.bzl:17:10: [INFO] Running common_parameter_proxy component test with condition_evaluator_ad_qm_activity.",
            "DEBUG: /workspace/bazel/utility/msg.bzl:17:10: [INFO] Running mileage_proxy component test with condition_evaluator_ad_qm_activity.",
            "DEBUG: /workspace/bazel/utility/msg.bzl:17:10: [INFO] Running clock_proxy component test with condition_evaluator_ad_qm_activity.",
            "DEBUG: /workspace/bazel/utility/msg.bzl:17:10: [INFO] Running proxy_health_checker component test with condition_evaluator_ad_asil_b_activity.",
            "DEBUG: /workspace/bazel/utility/msg.bzl:17:10: [INFO] Running status_seatbelt_checker component test with condition_evaluator_ad_asil_b_activity.",
            "DEBUG: /workspace/bazel/utility/msg.bzl:17:10: [INFO] Running proxy_health_checker component test with condition_evaluator_ad_qm_activity.",
            "DEBUG: /workspace/bazel/utility/msg.bzl:17:10: [INFO] Running status_seatbelt_checker component test with condition_evaluator_ad_qm_activity.",
            "DEBUG: /workspace/bazel/utility/msg.bzl:17:10: [INFO] Running indicator_state_checker component test with condition_evaluator_ad_qm_activity.",
            "DEBUG: /workspace/bazel/utility/msg.bzl:17:10: [INFO] Running warning_board_checker component test with condition_evaluator_ad_qm_activity.",
            "Analyzing: 5879 targets (1497 packages loaded, 0 targets configured)",
            "Analyzing: 5879 targets (1589 packages loaded, 301 targets configured)",
            "Analyzing: 5879 targets (1692 packages loaded, 7222 targets configured)",
            "Analyzing: 5879 targets (1854 packages loaded, 30494 targets configured)",
            "Analyzing: 5879 targets (2761 packages loaded, 76006 targets configured)",
            "Analyzing: 5879 targets (3838 packages loaded, 92809 targets configured)",
            "Analyzing: 5879 targets (3839 packages loaded, 100889 targets configured)",
            "INFO: Analyzed 5879 targets (3839 packages loaded, 104009 targets configured).",
            " checking cached actions",
            "INFO: Found 5879 targets...",
            "WARNING: failed to create one or more convenience symlinks for prefix 'bazel-':",
            "  cannot create symbolic link bazel-bin -> /home/developer/output_base/execroot/orion/bazel-out/k8-fastbuild/bin:  /workspace/bazel-bin (Read-only file system)",
            "  cannot create symbolic link bazel-testlogs -> /home/developer/output_base/execroot/orion/bazel-out/k8-fastbuild/testlogs:  /workspace/bazel-testlogs (Read-only file system)",
            "  cannot create symbolic link bazel-out -> /home/developer/output_base/execroot/orion/bazel-out:  /workspace/bazel-out (Read-only file system)",
            "  cannot create symbolic link bazel-workspace -> /home/developer/output_base/execroot/orion:  /workspace/bazel-workspace (Read-only file system)",
            "INFO: Writing explanation of rebuilds to '/logs_dir/bazel_explains/explain_bazel_build_orion_all_0.txt'",
            "[2 / 244] [Prepa] BazelWorkspaceStatusAction stable-status.txt",
            "[86 / 525] checking cached actions",
            "[291 / 632] Compiling domains/aeb/driver/debouncing.cpp; 0s remote-cache ... (6 actions, 0 running)",
            "[836 / 1,161] checking cached actions",
            "[917 / 1,186] [Scann] Compiling application/adp/perception/objects_sp25/utils/debounced_error.cpp",
            "[1,157 / 1,186] Compiling application/adp/perception/object_service/common/interfaces/object_fusion_interface.cpp; Downloading external/ddad/application/adp/perception/object_service/common/interfaces/_objs/object_fusion_interface/object_fusion_interface.pic.o; 0s remote-cache ... (13 actions, 0 running)",
            "[2,468 / 2,591] Compiling activities/availability_estimator/test/common/availability_estimator_activity_fixture.cpp; Downloading activities/availability_estimator/test/common/_objs/availability_estimator_activity_fixture/availability_estimator_activity_fixture.pic.o, 4.0 MiB / 4.5 MiB; 0s remote-cache ... (11 actions, 0 running)",
            "[3,966 / 7,220] checking cached actions",
            "[3,967 / 7,220] checking cached actions",
            "[4,326 / 7,638] [Prepa] Generating parameter struct header <generated file external/ddad/application/adp/activities/driving_strategy/parameters/driving_strategy_error_management_parameters.h>",
            "[5,334 / 8,603] [Prepa] Action external/ddad/application/adp/customer_functions/data_types/debug_data/lsa_activtiy_topic_debug.h",
            "[5,624 / 8,803] Compiling application/adp/test/simulation/sim_utilities/environment_converter/traffic_sign_converter/traffic_sign_converter.cpp; Downloading external/ddad/application/adp/test/simulation/sim_utilities/environment_converter/traffic_sign_converter/_objs/traffic_sign_converter/traffic_sign_converter.pic.d; 0s remote-cache ... (14 actions, 0 running)",
            "[6,647 / 9,608] [Prepa] Compiling test/acceptance_test/lss/fixture/lss_fixture.cpp ... (10 actions, 0 running)",
            "[7,065 / 9,838] [Prepa] Compiling test/acceptance_test/lss/fixture/lss_fixture.cpp ... (7 actions, 0 running)",
            "[7,885 / 10,392] [Prepa] Compiling test/acceptance_test/lss/fixture/lss_fixture.cpp ... (14 actions, 0 running)",
            "[8,523 / 10,824] [Prepa] Compiling external/ddad/application/adp/test/synchronized_ad_testing/app_factory/register_driving_strategy.cpp ... (16 actions, 2 running)",
            "[9,018 / 11,157] Compiling test/acceptance_test/lss/fixture/lss_fixture.cpp; 1s remote-cache, linux-sandbox ... (15 actions, 6 running)",
            "[9,670 / 11,587] Compiling test/acceptance_test/lss/fixture/lss_fixture.cpp; 2s remote-cache, linux-sandbox ... (13 actions, 6 running)",
            "ERROR: /home/developer/output_base/external/ddad/application/adp/customer_functions/adapt_speed_route/modules/foresight_events_manager/BUILD:8:11: Compiling application/adp/customer_functions/adapt_speed_route/modules/foresight_events_manager/foresight_events_manager.cpp failed: (Exit 1): x86_64-linux-gnu-g++ failed: error executing command (from target @ddad//application/adp/customer_functions/adapt_speed_route/modules/foresight_events_manager:foresight_events_manager) external/swh_bazel_toolchains/ubuntu_20_04_gcc_9/gnu/x86_64-linux-gnu-g++ -pipe -pthread -U_FORTIFY_SOURCE -fstack-protector-strong '-fdiagnostics-color=always' -fno-omit-frame-pointer '-march=nehalem' ... (remaining 113 arguments skipped)",
            "",
            "Use --sandbox_debug to see verbose messages from the sandbox and retain the sandbox build root for debugging",
            "In file included from external/ddad/application/adp/customer_functions/adapt_speed_route/in_out_facade.h:32,",
            "                 from external/ddad/application/adp/customer_functions/adapt_speed_route/modules/foresight_events_manager/foresight_events_manager.h:18,",
            "                 from external/ddad/application/adp/customer_functions/adapt_speed_route/modules/foresight_events_manager/foresight_events_manager.cpp:16:",
            "external/ddad/application/adp/customer_functions/fas_common/proxy/driving_experience/i_read_driving_experience_proxy.h:8:10: fatal error: application/adp/customer_functions/data_types/driving_experience/driving_experience.h: No such file or directory",
            "    8 | #include \"application/adp/customer_functions/data_types/driving_experience/driving_experience.h\"",
            "      |          ^~~~~~~~~~~~~~~~~~~~~~~~~~~~~~~~~~~~~~~~~~~~~~~~~~~~~~~~~~~~~~~~~~~~~~~~~~~~~~~~~~~~~~~",
            "compilation terminated.",
            "ERROR: /home/developer/output_base/external/ddad/application/adp/customer_functions/adapt_speed_route/modules/foresight_events_manager/BUILD:8:11: Compiling application/adp/customer_functions/adapt_speed_route/modules/foresight_events_manager/foresight_events_manager_helprs.cpp failed: (Exit 1): x86_64-linux-gnu-g++ failed: error executing command (from target @ddad//application/adp/customer_functions/adapt_speed_route/modules/foresight_events_manager:foresight_events_manager) external/swh_bazel_toolchains/ubuntu_20_04_gcc_9/gnu/x86_64-linux-gnu-g++ -pipe -pthread -U_FORTIFY_SOURCE -fstack-protector-strong '-fdiagnostics-color=always' -fno-omit-frame-pointer '-march=nehalem' ... (remaining 113 arguments skipped)",
            "",
            "Use --sandbox_debug to see verbose messages from the sandbox and retain the sandbox build root for debugging",
            "In file included from external/ddad/application/adp/customer_functions/adapt_speed_route/in_out_facade.h:32,",
            "                 from external/ddad/application/adp/customer_functions/adapt_speed_route/modules/foresight_events_manager/foresight_events_manager.h:18,",
            "                 from external/ddad/application/adp/customer_functions/adapt_speed_route/modules/foresight_events_manager/foresight_events_manager_helprs.cpp:14:",
            "external/ddad/application/adp/customer_functions/fas_common/proxy/driving_experience/i_read_driving_experience_proxy.h:8:10: fatal error: application/adp/customer_functions/data_types/driving_experience/driving_experience.h: No such file or directory",
            "    8 | #include \"application/adp/customer_functions/data_types/driving_experience/driving_experience.h\"",
            "      |          ^~~~~~~~~~~~~~~~~~~~~~~~~~~~~~~~~~~~~~~~~~~~~~~~~~~~~~~~~~~~~~~~~~~~~~~~~~~~~~~~~~~~~~~",
            "compilation terminated.",
            "INFO: Elapsed time: 63.137s, Critical Path: 6.90s",
            "INFO: 1566 processes: 1505 remote cache hit, 61 internal.",
            "FAILED: Build did NOT complete successfully",
            "INFO [SMRT] Attempting to find infrastructure failures in first 100000 lines of the log",
            "INFO [SMRT] Attempting to find infrastructure failures in last 100000 lines of the log",
            "WARNING [SMRT] Bazel command failed, but no infrastructure issues detected. Exiting without retry."
        ],
        "msg": "non-zero return code",
        "name": []
    }
]